<?xml version="1.0" encoding="UTF-8" standalone="no"?>
<testsuite failures="18" name="cucumber.runtime.formatter.JUnitFormatter" skipped="0" tests="18" time="0">
    <testcase classname="Yatra Test" name="Login with valid credentials1" time="0">
        <failure message="The scenario has pending or undefined step(s)"><![CDATA[Given This is valid login test1.............................................undefined
]]></failure>
    </testcase>
    <testcase classname="Yatra Test" name="Login with invalid credentials2" time="0">
        <failure message="The scenario has pending or undefined step(s)"><![CDATA[Given This is invalid login test2...........................................undefined
]]></failure>
    </testcase>
    <testcase classname="Yatra Test" name="Book a flight3" time="0">
        <failure message="The scenario has pending or undefined step(s)"><![CDATA[Given Booking a flight3.....................................................undefined
]]></failure>
    </testcase>
    <testcase classname="Yatra Test" name="Login with valid credentials4" time="0">
        <failure message="The scenario has pending or undefined step(s)"><![CDATA[Given This is valid login test4.............................................undefined
]]></failure>
    </testcase>
    <testcase classname="Yatra Test" name="Login with invalid credentials5" time="0">
        <failure message="The scenario has pending or undefined step(s)"><![CDATA[Given This is invalid login test5...........................................undefined
]]></failure>
    </testcase>
    <testcase classname="Yatra Test" name="Book a flight6" time="0">
        <failure message="The scenario has pending or undefined step(s)"><![CDATA[Given Booking a flight6.....................................................undefined
]]></failure>
    </testcase>
    <testcase classname="Yatra Test" name="Login with valid credentials7" time="0">
        <failure message="The scenario has pending or undefined step(s)"><![CDATA[Given This is valid login test7.............................................undefined
]]></failure>
    </testcase>
    <testcase classname="Yatra Test" name="Login with invalid credentials8" time="0">
        <failure message="The scenario has pending or undefined step(s)"><![CDATA[Given This is invalid login test8...........................................undefined
]]></failure>
    </testcase>
    <testcase classname="Yatra Test" name="Book a flight9" time="0">
        <failure message="The scenario has pending or undefined step(s)"><![CDATA[Given Booking a flight9.....................................................undefined
]]></failure>
    </testcase>
    <testcase classname="Yatra Test" name="Login with valid credentials10" time="0">
        <failure message="The scenario has pending or undefined step(s)"><![CDATA[Given This is valid login test10............................................undefined
]]></failure>
    </testcase>
    <testcase classname="Yatra Test" name="Login with invalid credentials11" time="0">
        <failure message="The scenario has pending or undefined step(s)"><![CDATA[Given This is invalid login test11..........................................undefined
]]></failure>
    </testcase>
    <testcase classname="Yatra Test" name="Book a flight12" time="0">
        <failure message="The scenario has pending or undefined step(s)"><![CDATA[Given Booking a flight12....................................................undefined
]]></failure>
    </testcase>
    <testcase classname="Yatra Test" name="Login with valid credentials13" time="0">
        <failure message="The scenario has pending or undefined step(s)"><![CDATA[Given This is valid login test13............................................undefined
]]></failure>
    </testcase>
    <testcase classname="Yatra Test" name="Login with invalid credentials14" time="0">
        <failure message="The scenario has pending or undefined step(s)"><![CDATA[Given This is invalid login test14..........................................undefined
]]></failure>
    </testcase>
    <testcase classname="Yatra Test" name="Book a flight15" time="0">
        <failure message="The scenario has pending or undefined step(s)"><![CDATA[Given Booking a flight15....................................................undefined
]]></failure>
    </testcase>
    <testcase classname="Yatra Test" name="Login with valid credentials16" time="0">
        <failure message="The scenario has pending or undefined step(s)"><![CDATA[Given This is valid login test16............................................undefined
]]></failure>
    </testcase>
    <testcase classname="Yatra Test" name="Login with invalid credentials17" time="0">
        <failure message="The scenario has pending or undefined step(s)"><![CDATA[Given This is invalid login test17..........................................undefined
]]></failure>
    </testcase>
    <testcase classname="Yatra Test" name="Book a flight18" time="0">
        <failure message="The scenario has pending or undefined step(s)"><![CDATA[Given Booking a flight18....................................................undefined
]]></failure>
    </testcase>
</testsuite>
