<?xml version="1.0" encoding="UTF-8" standalone="no"?>
<testsuite failures="0" name="cucumber.runtime.formatter.JUnitFormatter" skipped="0" tests="3" time="0.641211">
    <testcase classname="Testing hook concept" name="Testing hook feature for concept" time="0.63777">
        <system-out><![CDATA[Given User is a valid user..................................................passed
When User is on login page..................................................passed
Then User enters username and password......................................passed
]]></system-out>
    </testcase>
    <testcase classname="Testing hook concept" name="Testing concept for multiple scenario" time="0.0018">
        <system-out><![CDATA[Given User is logged in.....................................................passed
When User is flight booking page............................................passed
Then User enters flight details.............................................passed
]]></system-out>
    </testcase>
    <testcase classname="Testing hook concept" name="Testing multiple scenario" time="0.001641">
        <system-out><![CDATA[Given User is a sign up page................................................passed
When User enters valid iputs................................................passed
Then User create new account................................................passed
]]></system-out>
    </testcase>
</testsuite>
