<?xml version="1.0" encoding="UTF-8" standalone="no"?>
<testsuite failures="0" name="cucumber.runtime.formatter.JUnitFormatter" skipped="0" tests="2" time="78.790584">
    <testcase classname="Yatra Welcome Feature" name="Yatra Welcome Page Scenario" time="40.6423">
        <system-out><![CDATA[Given User is already on Welcome Page.......................................passed
When title of login page is Yatra...........................................passed
Then User clicks on login My Account dropdown...............................passed
Then login button is visible................................................passed
Then User clicks login button...............................................passed
Then user enters "srjsingh636@gmail.com" in username field..................passed
Then close the browser......................................................passed
]]></system-out>
    </testcase>
    <testcase classname="Yatra Welcome Feature" name="Yatra Welcome Page Scenario 2" time="38.148284">
        <system-out><![CDATA[Given User is already on Welcome Page.......................................passed
When title of login page is Yatra...........................................passed
Then User clicks on login My Account dropdown...............................passed
Then login button is visible................................................passed
Then User clicks login button...............................................passed
Then user enters "Tom@gmail.com" in username field..........................passed
Then close the browser......................................................passed
]]></system-out>
    </testcase>
</testsuite>
